<?xml version="1.0" encoding="UTF-8"?>
<!-- Generated by org.testng.reporters.JUnitXMLReporter -->
<testsuite ignored="0" hostname="DESKTOP-O2MGJE7" failures="0" tests="4" name="Test" time="0.226" errors="0" timestamp="2023-01-07T18:29:47 IST">
  <testcase classname="scripts.TestCase1" name="test1" time="0.029"/>
  <testcase classname="scripts.TestCase4" name="tc4" time="0.007"/>
  <testcase classname="scripts.TestCase2" name="test2" time="0.004"/>
  <testcase classname="scripts.TestCase3" name="test3" time="0.009"/>
</testsuite> <!-- Test -->
