<?xml version="1.0" encoding="UTF-8"?>
<testng-results ignored="0" total="4" passed="4" failed="0" skipped="0">
  <reporter-output>
    <line>
      <![CDATA[hello java ]]>
    </line>
    <line>
      <![CDATA[hello TestNG ]]>
    </line>
    <line>
      <![CDATA[hello Selenium ]]>
    </line>
    <line>
      <![CDATA[hello API ]]>
    </line>
  </reporter-output>
  <suite started-at="2023-01-07T18:29:47 IST" name="Suite" finished-at="2023-01-07T18:29:47 IST" duration-ms="226">
    <groups>
    </groups>
    <test started-at="2023-01-07T18:29:47 IST" name="Test" finished-at="2023-01-07T18:29:47 IST" duration-ms="226">
      <class name="scripts.TestCase4">
        <test-method signature="tc4()[pri:0, instance:scripts.TestCase4@6574a52c]" started-at="2023-01-07T18:29:47 IST" name="tc4" finished-at="2023-01-07T18:29:47 IST" duration-ms="7" status="PASS">
          <reporter-output>
            <line>
              <![CDATA[hello TestNG ]]>
            </line>
          </reporter-output>
        </test-method> <!-- tc4 -->
      </class> <!-- scripts.TestCase4 -->
      <class name="scripts.TestCase1">
        <test-method signature="test1()[pri:0, instance:scripts.TestCase1@25641d39]" started-at="2023-01-07T18:29:47 IST" name="test1" finished-at="2023-01-07T18:29:47 IST" duration-ms="29" status="PASS">
          <reporter-output>
            <line>
              <![CDATA[hello java ]]>
            </line>
          </reporter-output>
        </test-method> <!-- test1 -->
      </class> <!-- scripts.TestCase1 -->
      <class name="scripts.TestCase2">
        <test-method signature="test2()[pri:0, instance:scripts.TestCase2@6c1a5b54]" started-at="2023-01-07T18:29:47 IST" name="test2" finished-at="2023-01-07T18:29:47 IST" duration-ms="4" status="PASS">
          <reporter-output>
            <line>
              <![CDATA[hello Selenium ]]>
            </line>
          </reporter-output>
        </test-method> <!-- test2 -->
      </class> <!-- scripts.TestCase2 -->
      <class name="scripts.TestCase3">
        <test-method signature="test3()[pri:0, instance:scripts.TestCase3@1c7696c6]" started-at="2023-01-07T18:29:47 IST" name="test3" finished-at="2023-01-07T18:29:47 IST" duration-ms="9" status="PASS">
          <reporter-output>
            <line>
              <![CDATA[hello API ]]>
            </line>
          </reporter-output>
        </test-method> <!-- test3 -->
      </class> <!-- scripts.TestCase3 -->
    </test> <!-- Test -->
  </suite> <!-- Suite -->
</testng-results>
